1571905363865	mozrunner::runner	INFO	Running command: "C:\\Program Files\\Mozilla Firefox\\firefox.exe" "-marionette" "-foreground" "-no-remote" "-profile" "C:\\Users\\ADMINI~1\\AppData\\Local\\Temp\\rust_mozprofilePoDaMr"
1571905365748	addons.webextension.screenshots@mozilla.org	WARN	Loading extension 'screenshots@mozilla.org': Reading manifest: Invalid extension permission: mozillaAddons
1571905365748	addons.webextension.screenshots@mozilla.org	WARN	Loading extension 'screenshots@mozilla.org': Reading manifest: Invalid extension permission: telemetry
1571905365748	addons.webextension.screenshots@mozilla.org	WARN	Loading extension 'screenshots@mozilla.org': Reading manifest: Invalid extension permission: resource://pdf.js/
1571905365749	addons.webextension.screenshots@mozilla.org	WARN	Loading extension 'screenshots@mozilla.org': Reading manifest: Invalid extension permission: about:reader*
JavaScript error: resource://gre/modules/XULStore.jsm, line 66: Error: Can't find profile directory.
[Parent 10440, Gecko_IOThread] WARNING: pipe error: 109: file z:/task_1570640083/build/src/ipc/chromium/src/chrome/common/ipc_channel_win.cc, line 341
[Child 9688, Chrome_ChildThread] WARNING: pipe error: 109: file z:/task_1570640083/build/src/ipc/chromium/src/chrome/common/ipc_channel_win.cc, line 341
[Child 9688, Chrome_ChildThread] WARNING: pipe error: 109: file z:/task_1570640083/build/src/ipc/chromium/src/chrome/common/ipc_channel_win.cc, line 341
1571905369737	Marionette	INFO	Listening on port 16780
1571905369961	Marionette	WARN	TLS certificate errors will be ignored for this session
JavaScript error: resource://gre/modules/XULStore.jsm, line 66: Error: Can't find profile directory.
[Parent 10440, Gecko_IOThread] WARNING: pipe error: 109: file z:/task_1570640083/build/src/ipc/chromium/src/chrome/common/ipc_channel_win.cc, line 341
[Child 10880, Chrome_ChildThread] WARNING: pipe error: 109: file z:/task_1570640083/build/src/ipc/chromium/src/chrome/common/ipc_channel_win.cc, line 341
[Child 7312, Chrome_ChildThread] WARNING: pipe error: 109: file z:/task_1570640083/build/src/ipc/chromium/src/chrome/common/ipc_channel_win.cc, line 341
[Child 7312, Chrome_ChildThread] WARNING: pipe error: 109: file z:/task_1570640083/build/src/ipc/chromium/src/chrome/common/ipc_channel_win.cc, line 341
[Child 8896, Chrome_ChildThread] WARNING: pipe error: 109: file z:/task_1570640083/build/src/ipc/chromium/src/chrome/common/ipc_channel_win.cc, line 341
JavaScript error: resource://gre/modules/AsyncShutdown.jsm, line 551: NS_ERROR_FAILURE
1571905415808	Marionette	INFO	Stopped listening on port 16780
[GPU 8000, Chro
###!!! [Child][RunMessage] Error: Channel closing: too late to send/recv, messages will be lost

me_ChildThread] WARNING: pipe error: 109: file z:/task_1570640083/build/src/ipc/chromium/src/chrome/common/ipc_ch
###!!! [Child][MessageChannel::SendAndWait] Error: Channel error: cannot send/recv

file directory.
[Parent 6732, Gecko_IOThread] WARNING: pipe error: 109: file z:/task_1570640083/build/src/ipc/chromium/src/chrome/common/ipc_channel_win.cc, line 341
[Child 6616, Chrome_ChildThread] WARNING: pipe error: 109: file z:/task_1570640083/build/src/ipc/chromium/src/chrome/common/ipc_channel_win.cc, line 341
[Child 6616, Chrome_ChildThread] WARNING: pipe error: 109: file z:/task_1570640083/build/src/ipc/chromium/src/chrome/common/ipc_channel_win.cc, line 341
[Child 6600, Chrome_ChildThread] WARNING: pipe error: 109: file z:/task_1570640083/build/src/ipc/chromium/src/chrome/common/ipc_channel_win.cc, line 341
[Child 6600, Chrome_ChildThread] WARNING: pipe error: 109: file z:/task_1570640083/build/src/ipc/chromium/src/chrome/common/ipc_channel_win.cc, line 341
JavaScript error: resource://gre/modules/AsyncShutdown.jsm, line 551: NS_ERROR_FAILURE
1571905415173	Marionette	INFO	Stopped listening on port 16855

###!!! [Child][RunMessage] Error: Channel closing: too late to send/recv, messages will be lost

[GPU 2940, Chrome_ChildThread] WARNING: pipe error: 109: file z:/task_157061571905496083	mozrunner::runner	INFO	Running command: "C:\\Program Files\\Mozilla Firefox\\firefox.exe" "-marionette" "-foreground" "-no-remote" "-profile" "C:\\Users\\ADMINI~1\\AppData\\Local\\Temp\\rust_mozprofile7O0y3h"
1571905497222	addons.webextension.screenshots@mozilla.org	WARN	Loading extension 'screenshots@mozilla.org': Reading manifest: Invalid extension permission: mozillaAddons
1571905497223	addons.webextension.screenshots@mozilla.org	WARN	Loading extension 'screenshots@mozilla.org': Reading manifest: Invalid extension permission: telemetry
1571905497223	addons.webextension.screenshots@mozilla.org	WARN	Loading extension 'screenshots@mozilla.org': Reading manifest: Invalid extension permission: resource://pdf.js/
1571905497223	addons.webextension.screenshots@mozilla.org	WARN	Loading extension 'screenshots@mozilla.org': Reading manifest: Invalid extension permission: about:reader*
JavaScript error: resource://gre/modules/XULStore.jsm, line 66: Error: Can't find profile directory.
1571905499304	Marionette	INFO	Listening on port 16915
1571905499351	Marionette	WARN	TLS certificate errors will be ignored for this session
JavaScript error: resource://gre/modules/XULStore.jsm, line 66: Error: Can't find profile directory.
[Child 10528, Chrome_ChildThread] WARNING: pipe error: 109: file z:/task_1570640083/build/src/ipc/chromium/src/chrome/common/ipc_channel_win.cc, line 341
[Child 9676, Chrome_ChildThread] WARNING: pipe error: 109: file z:/task_1570640083/build/src/ipc/chromium/src/chrome/common/ipc_channel_win.cc, line 341
[Child 9676, Chrome_ChildThread] WARNING: pipe error: 109: file z:/task_1570640083/build/src/ipc/chromium/src/chrome/common/ipc_channel_win.cc, line 341
[Child 9708, Chrome_ChildThread] WARNING: pipe error: 109: file z:/task_1570640083/build/src/ipc/chromium/src/chrome/common/ipc_channel_win.cc, line 341
JavaScript error: resource://gre/modules/AsyncShutdown.jsm, line 551: NS_ERROR_FAILURE
1571905504663	Marionette	INFO	Stopped listening on port 16915
[GPU 6232, Chrome_ChildThread] WAR
###!!! [Child][MessageChannel::SendAndWait] Error: Channel error: cannot send/recv

1571905872571	mozrunner::runner	INFO	Running command: "C:\\Program Files\\Mozilla Firefox\\firefox.exe" "-marionette" "-foreground" "-no-remote" "-profile" "C:\\Users\\ADMINI~1\\AppData\\Local\\Temp\\rust_mozprofileE2omXk"
1571905873477	addons.webextension.screenshots@mozilla.org	WARN	Loading extension 'screenshots@mozilla.org': Reading manifest: Invalid extension permission: mozillaAddons
1571905873477	addons.webextension.screenshots@mozilla.org	WARN	Loading extension 'screenshots@mozilla.org': Reading manifest: Invalid extension permission: telemetry
1571905873477	addons.webextension.screenshots@mozilla.org	WARN	Loading extension 'screenshots@mozilla.org': Reading manifest: Invalid extension permission: resource://pdf.js/
1571905873477	addons.webextension.screenshots@mozilla.org	WARN	Loading extension 'screenshots@mozilla.org': Reading manifest: Invalid extension permission: about:reader*
JavaScript error: resource://gre/modules/XULStore.jsm, line 66: Error: Can't find profile directory.
1571905876422	Marionette	INFO	Listening on port 17118
1571905876496	Marionette	WARN	TLS certificate errors will be ignored for this session
[Child 6260, Chrome_ChildThread] WARNING: pipe error: 109: file z:/task_1570640083/build/src/ipc/chromium/src/chrome/common/ipc_channel_win.cc, line 341
[Child 6260, Chrome_ChildThread] WARNING: pipe error: 109: file z:/task_1570640083/build/src/ipc/chromium/src/chrome/common/ipc_channel_win.cc, line 341
[Child 11096, Chrome_ChildThread] WARNING: pipe error: 109: file z:/task_1570640083/build/src/ipc/chromium/src/chrome/common/ipc_channel_win.cc, line 341
[Child 11096, Chrome_ChildThread] WARNING: pipe error: 109: file z:/task_1570640083/build/src/ipc/chromium/src/chrome/common/ipc_channel_win.cc, line 341
[Parent 7340, Gecko_IOThread] WARNING: pipe error: 109: file z:/task_1570640083/build/src/ipc/chromium/src/chrome/common/ipc_channel_win.cc, line 341
[Child 10544, Chrome_ChildThread] WARNING: pipe error: 109: file z:/task_1570640083/build/src/ipc/chromium/src/chrome/common/ipc_channel_win.cc, line 341
[Child 10544, Chrome_ChildThread] WARNING: pipe error: 109: file z:/task_1570640083/build/src/ipc/chromium/src/chrome/common/ipc_channel_win.cc, line 341
JavaScript error: resource://gre/modules/AsyncShutdown.jsm, line 551: NS_ERROR_FAILURE
1571905887313	Marionette	INFO	Stopped listening on port 17118

###!!! [Child][RunMessage] Error: Channel closing: too late to send/recv, messages will be lost

[GPU 1736, Chrome_ChildThread] WARNING: pipe error: 109: file z:/task_1570640083/1571906000686	mozrunner::runner	INFO	Running command: "C:\\Program Files\\Mozilla Firefox\\firefox.exe" "-marionette" "-foreground" "-no-remote" "-profile" "C:\\Users\\ADMINI~1\\AppData\\Local\\Temp\\rust_mozprofiles1g4Op"
1571906001671	addons.webextension.screenshots@mozilla.org	WARN	Loading extension 'screenshots@mozilla.org': Reading manifest: Invalid extension permission: mozillaAddons
1571906001671	addons.webextension.screenshots@mozilla.org	WARN	Loading extension 'screenshots@mozilla.org': Reading manifest: Invalid extension permission: telemetry
1571906001671	addons.webextension.screenshots@mozilla.org	WARN	Loading extension 'screenshots@mozilla.org': Reading manifest: Invalid extension permission: resource://pdf.js/
1571906001671	addons.webextension.screenshots@mozilla.org	WARN	Loading extension 'screenshots@mozilla.org': Reading manifest: Invalid extension permission: about:reader*
JavaScript error: resource://gre/modules/XULStore.jsm, line 66: Error: Can't find profile directory.
1571906003446	Marionette	INFO	Listening on port 17176
1571906003474	Marionette	WARN	TLS certificate errors will be ignored for this session
JavaScript error: resource://gre/modules/XULStore.jsm, line 66: Error: Can't find profile directory.
[Child 10496, Chrome_ChildThread] WARNING: pipe error: 109: file z:/task_1570640083/build/src/ipc/chromium/src/chrome/common/ipc_channel_win.cc, line 341
[Child 10496, Chrome_ChildThread] WARNING: pipe error: 109: file z:/task_1570640083/build/src/ipc/chromium/src/chrome/common/ipc_channel_win.cc, line 341
[Child 10284, Chrome_ChildThread] WARNING: pipe error: 109: file z:/task_1570640083/build/src/ipc/chromium/src/chrome/common/ipc_channel_win.cc, line 341
[Child 10284, Chrome_ChildThread] WARNING: pipe error: 109: file z:/task_1570640083/build/src/ipc/chromium/src/chrome/common/ipc_channel_win.cc, line 341
[Child 5936, Chrome_ChildThread] WARNING: pipe error: 109: file z:/task_1570640083/build/src/ipc/chromium/src/chrome/common/ipc_channel_win.cc, line 341
[Child 5936, Chrome_ChildThread] WARNING: pipe error: 109: file z:/task_1570640083/build/src/ipc/chromium/src/chrome/common/ipc_channel_win.cc, line 341
JavaScript error: resource://gre/modules/AsyncShutdown.jsm, line 551: NS_ERROR_FAILURE
1571906007789	Marionette	INFO	Stopped listening on port 17176

###!!! [Child][RunMessage] Error: Channel closing: too late to send/recv, messages will be lost

[G1571906177731	mozrunner::runner	INFO	Running command: "C:\\Program Files\\Mozilla Firefox\\firefox.exe" "-marionette" "-foreground" "-no-remote" "-profile" "C:\\Users\\ADMINI~1\\AppData\\Local\\Temp\\rust_mozprofiler5GYGu"
1571906178598	addons.webextension.screenshots@mozilla.org	WARN	Loading extension 'screenshots@mozilla.org': Reading manifest: Invalid extension permission: mozillaAddons
1571906178599	addons.webextension.screenshots@mozilla.org	WARN	Loading extension 'screenshots@mozilla.org': Reading manifest: Invalid extension permission: telemetry
1571906178599	addons.webextension.screenshots@mozilla.org	WARN	Loading extension 'screenshots@mozilla.org': Reading manifest: Invalid extension permission: resource://pdf.js/
1571906178599	addons.webextension.screenshots@mozilla.org	WARN	Loading extension 'screenshots@mozilla.org': Reading manifest: Invalid extension permission: about:reader*
JavaScript error: resource://gre/modules/XULStore.jsm, line 66: Error: Can't find profile directory.
1571906180413	Marionette	INFO	Listening on port 17240
1571906180695	Marionette	WARN	TLS certificate errors will be ignored for this session
JavaScript error: , line 0: NS_ERROR_FAILURE
